<?xml version="1.0" encoding="UTF-8"?>
<testsuites tests="126" failures="0" errors="0" time="172.904061">
	<testsuite tests="126" failures="0" skipped="1" time="172.904000" name="github.com/kubernetes-sigs/ai-conformance/test" timestamp="2026-09-23T05:14:33Z">
		<properties>
			<property name="go.version" value="go1.25.14 linux/amd64"></property>
		</properties>
		<testcase classname="github.com/kubernetes-sigs/ai-conformance/test" name="TestAcceleratorClusterAutoscaling" time="0.000000">
			<skipped message="=== RUN   TestAcceleratorClusterAutoscaling&#xA;    cluster_autoscaling_test.go:69: cluster autoscaling test is not configured; if the platform has no cluster autoscaler, mark cluster_autoscaling N/A, otherwise set -autoscaler-node-pool-label=&lt;key&gt;=&lt;value&gt;&#xA;--- SKIP: TestAcceleratorClusterAutoscaling (0.00s)&#xA;"></skipped>
		</testcase>
		<testcase classname="github.com/kubernetes-sigs/ai-conformance/test" name="TestSecureAcceleratorAccess/PositiveAccessTest" time="41.980000"></testcase>
		<testcase classname="github.com/kubernetes-sigs/ai-conformance/test" name="TestSecureAcceleratorAccess/NegativeIsolationTest" time="36.990000"></testcase>
		<testcase classname="github.com/kubernetes-sigs/ai-conformance/test" name="TestSecureAcceleratorAccess/MultiContainerIsolationTest" time="37.210000"></testcase>
		<testcase classname="github.com/kubernetes-sigs/ai-conformance/test" name="TestSecureAcceleratorAccess" time="124.420000"></testcase>
		<testcase classname="github.com/kubernetes-sigs/ai-conformance/test" name="TestDetectAllocationMode/auto_prefers_DRA_when_DeviceClass_and_node-backed_slices_exist" time="0.070000"></testcase>
		<testcase classname="github.com/kubernetes-sigs/ai-conformance/test" name="TestDetectAllocationMode/auto_falls_back_to_device_plugin_on_stale_DeviceClass_without_slices" time="0.000000"></testcase>
		<testcase classname="github.com/kubernetes-sigs/ai-conformance/test" name="TestDetectAllocationMode/auto_falls_back_when_slices_have_no_devices" time="0.000000"></testcase>
		<testcase classname="github.com/kubernetes-sigs/ai-conformance/test" name="TestDetectAllocationMode/auto_falls_back_when_slices_belong_to_an_unrelated_driver" time="0.000000"></testcase>
		<testcase classname="github.com/kubernetes-sigs/ai-conformance/test" name="TestDetectAllocationMode/auto_falls_back_on_a_ComputeDomain-only_cluster_without_a_GPU_DeviceClass" time="0.000000"></testcase>
		<testcase classname="github.com/kubernetes-sigs/ai-conformance/test" name="TestDetectAllocationMode/auto_falls_back_when_the_only_slice-backed_node_is_NotReady" time="0.000000"></testcase>
		<testcase classname="github.com/kubernetes-sigs/ai-conformance/test" name="TestDetectAllocationMode/auto_errors_when_neither_mechanism_is_usable" time="0.000000"></testcase>
		<testcase classname="github.com/kubernetes-sigs/ai-conformance/test" name="TestDetectAllocationMode/explicit_dra_succeeds_when_a_Ready_node_backs_the_slices" time="0.000000"></testcase>
		<testcase classname="github.com/kubernetes-sigs/ai-conformance/test" name="TestDetectAllocationMode/explicit_dra_fails_without_DeviceClass" time="0.000000"></testcase>
		<testcase classname="github.com/kubernetes-sigs/ai-conformance/test" name="TestDetectAllocationMode/explicit_dra_fails_when_slices_exist_but_their_node_is_NotReady" time="0.000000"></testcase>
		<testcase classname="github.com/kubernetes-sigs/ai-conformance/test" name="TestDetectAllocationMode/explicit_dra_fails_when_the_slice&#39;s_node_does_not_exist" time="0.000000"></testcase>
		<testcase classname="github.com/kubernetes-sigs/ai-conformance/test" name="TestDetectAllocationMode/explicit_device-plugin_succeeds_with_Ready_GPU_node" time="0.000000"></testcase>
		<testcase classname="github.com/kubernetes-sigs/ai-conformance/test" name="TestDetectAllocationMode/explicit_device-plugin_fails_with_no_capacity" time="0.000000"></testcase>
		<testcase classname="github.com/kubernetes-sigs/ai-conformance/test" name="TestDetectAllocationMode/explicit_device-plugin_ignores_NotReady_nodes" time="0.000000"></testcase>
		<testcase classname="github.com/kubernetes-sigs/ai-conformance/test" name="TestDetectAllocationMode/explicit_device-plugin_ignores_unschedulable_nodes" time="0.000000"></testcase>
		<testcase classname="github.com/kubernetes-sigs/ai-conformance/test" name="TestDetectAllocationMode/explicit_device-plugin_rejects_a_DRA-backed_extended_resource" time="0.000000"></testcase>
		<testcase classname="github.com/kubernetes-sigs/ai-conformance/test" name="TestDetectAllocationMode/auto_fallback_rejects_a_DRA-backed_extended_resource" time="0.000000"></testcase>
		<testcase classname="github.com/kubernetes-sigs/ai-conformance/test" name="TestDetectAllocationMode/explicit_dra_resolves_a_nodeSelector_slice_against_a_matching_Ready_node" time="0.000000"></testcase>
		<testcase classname="github.com/kubernetes-sigs/ai-conformance/test" name="TestDetectAllocationMode/explicit_dra_fails_when_the_nodeSelector_matches_no_usable_node" time="0.000000"></testcase>
		<testcase classname="github.com/kubernetes-sigs/ai-conformance/test" name="TestDetectAllocationMode/explicit_dra_resolves_an_allNodes_slice_to_a_usable_node" time="0.000000"></testcase>
		<testcase classname="github.com/kubernetes-sigs/ai-conformance/test" name="TestDetectAllocationMode/explicit_dra_fails_for_an_allNodes_slice_with_no_usable_nodes" time="0.000000"></testcase>
		<testcase classname="github.com/kubernetes-sigs/ai-conformance/test" name="TestDetectAllocationMode/explicit_dra_uses_only_the_highest_pool_generation" time="0.000000"></testcase>
		<testcase classname="github.com/kubernetes-sigs/ai-conformance/test" name="TestDetectAllocationMode/explicit_dra_ignores_devices_only_advertised_by_an_obsolete_pool_generation" time="0.000000"></testcase>
		<testcase classname="github.com/kubernetes-sigs/ai-conformance/test" name="TestDetectAllocationMode/explicit_dra_ignores_an_incomplete_current-generation_pool" time="0.000000"></testcase>
		<testcase classname="github.com/kubernetes-sigs/ai-conformance/test" name="TestDetectAllocationMode/explicit_dra_accepts_a_complete_multi-slice_pool" time="0.000000"></testcase>
		<testcase classname="github.com/kubernetes-sigs/ai-conformance/test" name="TestDetectAllocationMode/explicit_dra_fails_when_every_device_is_taint-blocked" time="0.000000"></testcase>
		<testcase classname="github.com/kubernetes-sigs/ai-conformance/test" name="TestDetectAllocationMode/allNodes_slice_prefers_a_node_advertising_the_extended_resource" time="0.000000"></testcase>
		<testcase classname="github.com/kubernetes-sigs/ai-conformance/test" name="TestDetectAllocationMode/explicit_dra_resolves_per-device_node_selection" time="0.000000"></testcase>
		<testcase classname="github.com/kubernetes-sigs/ai-conformance/test" name="TestDetectAllocationMode/invalid_mode_value_is_rejected" time="0.000000"></testcase>
		<testcase classname="github.com/kubernetes-sigs/ai-conformance/test" name="TestDetectAllocationMode" time="0.070000"></testcase>
		<testcase classname="github.com/kubernetes-sigs/ai-conformance/test" name="TestExtendedResourceGuardFailsClosed/API-not-served_NotFound_passes_the_guard" time="0.000000"></testcase>
		<testcase classname="github.com/kubernetes-sigs/ai-conformance/test" name="TestExtendedResourceGuardFailsClosed/Forbidden_fails_closed" time="0.000000"></testcase>
		<testcase classname="github.com/kubernetes-sigs/ai-conformance/test" name="TestExtendedResourceGuardFailsClosed/transient_API_error_fails_closed" time="0.000000"></testcase>
		<testcase classname="github.com/kubernetes-sigs/ai-conformance/test" name="TestExtendedResourceGuardFailsClosed" time="0.000000"></testcase>
		<testcase classname="github.com/kubernetes-sigs/ai-conformance/test" name="TestLookupAcceleratorConfig" time="0.000000"></testcase>
		<testcase classname="github.com/kubernetes-sigs/ai-conformance/test" name="TestBuildTestPod/dra_grant_wires_the_claim_to_the_first_container_only" time="0.000000"></testcase>
		<testcase classname="github.com/kubernetes-sigs/ai-conformance/test" name="TestBuildTestPod/device-plugin_grant_sets_the_extended_resource_on_the_first_container_only" time="0.000000"></testcase>
		<testcase classname="github.com/kubernetes-sigs/ai-conformance/test" name="TestBuildTestPod/no_grant_leaves_both_containers_without_accelerator_requests" time="0.000000"></testcase>
		<testcase classname="github.com/kubernetes-sigs/ai-conformance/test" name="TestBuildTestPod/nodeName_pinning_is_applied" time="0.000000"></testcase>
		<testcase classname="github.com/kubernetes-sigs/ai-conformance/test" name="TestBuildTestPod/unknown_allocation_mode_is_rejected" time="0.000000"></testcase>
		<testcase classname="github.com/kubernetes-sigs/ai-conformance/test" name="TestBuildTestPod" time="0.000000"></testcase>
		<testcase classname="github.com/kubernetes-sigs/ai-conformance/test" name="TestWaitForPodsRunning/returns_all_running_pods" time="0.000000"></testcase>
		<testcase classname="github.com/kubernetes-sigs/ai-conformance/test" name="TestWaitForPodsRunning/times_out_while_a_pod_is_pending" time="0.050000"></testcase>
		<testcase classname="github.com/kubernetes-sigs/ai-conformance/test" name="TestWaitForPodsRunning/fails_fast_on_a_permanent_API_error" time="0.000000"></testcase>
		<testcase classname="github.com/kubernetes-sigs/ai-conformance/test" name="TestWaitForPodsRunning" time="0.050000"></testcase>
		<testcase classname="github.com/kubernetes-sigs/ai-conformance/test" name="TestPodGeneratedClaims/prefers_the_live_pod" time="0.000000"></testcase>
		<testcase classname="github.com/kubernetes-sigs/ai-conformance/test" name="TestPodGeneratedClaims/falls_back_to_the_known_pod_when_the_live_pod_is_gone" time="0.000000"></testcase>
		<testcase classname="github.com/kubernetes-sigs/ai-conformance/test" name="TestPodGeneratedClaims/surfaces_non-NotFound_GET_errors_while_still_using_the_known_pod" time="0.000000"></testcase>
		<testcase classname="github.com/kubernetes-sigs/ai-conformance/test" name="TestPodGeneratedClaims/returns_nothing_when_the_pod_is_gone,_nothing_is_known,_and_no_claims_exist" time="0.000000"></testcase>
		<testcase classname="github.com/kubernetes-sigs/ai-conformance/test" name="TestPodGeneratedClaims/scans_owned_claims_when_the_live_pod&#39;s_claim_status_is_not_yet_patched" time="0.000000"></testcase>
		<testcase classname="github.com/kubernetes-sigs/ai-conformance/test" name="TestPodGeneratedClaims/finds_an_orphaned_claim_via_owner_reference_when_the_pod_was_never_observed" time="0.000000"></testcase>
		<testcase classname="github.com/kubernetes-sigs/ai-conformance/test" name="TestPodGeneratedClaims/propagates_claim-list_errors_during_the_owner_scan" time="0.000000"></testcase>
		<testcase classname="github.com/kubernetes-sigs/ai-conformance/test" name="TestPodGeneratedClaims" time="0.000000"></testcase>
		<testcase classname="github.com/kubernetes-sigs/ai-conformance/test" name="TestDeleteAndAwaitRelease/waits_for_pod_deletion_and_released_claim" time="0.000000"></testcase>
		<testcase classname="github.com/kubernetes-sigs/ai-conformance/test" name="TestDeleteAndAwaitRelease/processes_claims_even_when_the_pod_is_already_gone" time="0.200000"></testcase>
		<testcase classname="github.com/kubernetes-sigs/ai-conformance/test" name="TestDeleteAndAwaitRelease/claim_already_garbage-collected_is_fine" time="0.000000"></testcase>
		<testcase classname="github.com/kubernetes-sigs/ai-conformance/test" name="TestDeleteAndAwaitRelease/post-deletion_rescan_finds_a_claim_created_after_the_pre-delete_capture" time="0.200000"></testcase>
		<testcase classname="github.com/kubernetes-sigs/ai-conformance/test" name="TestDeleteAndAwaitRelease/propagates_pod_delete_API_errors" time="0.000000"></testcase>
		<testcase classname="github.com/kubernetes-sigs/ai-conformance/test" name="TestDeleteAndAwaitRelease/retries_transient_pod_delete_API_errors" time="2.000000"></testcase>
		<testcase classname="github.com/kubernetes-sigs/ai-conformance/test" name="TestDeleteAndAwaitRelease" time="2.400000"></testcase>
		<testcase classname="github.com/kubernetes-sigs/ai-conformance/test" name="TestIsRetryableAPIError" time="0.000000"></testcase>
		<testcase classname="github.com/kubernetes-sigs/ai-conformance/test" name="TestDeletePodAndWait" time="0.000000"></testcase>
		<testcase classname="github.com/kubernetes-sigs/ai-conformance/test" name="TestParseNodePoolLabel/simple_label" time="0.000000"></testcase>
		<testcase classname="github.com/kubernetes-sigs/ai-conformance/test" name="TestParseNodePoolLabel/qualified_label" time="0.000000"></testcase>
		<testcase classname="github.com/kubernetes-sigs/ai-conformance/test" name="TestParseNodePoolLabel/empty" time="0.000000"></testcase>
		<testcase classname="github.com/kubernetes-sigs/ai-conformance/test" name="TestParseNodePoolLabel/missing_equals" time="0.000000"></testcase>
		<testcase classname="github.com/kubernetes-sigs/ai-conformance/test" name="TestParseNodePoolLabel/multiple_equals" time="0.000000"></testcase>
		<testcase classname="github.com/kubernetes-sigs/ai-conformance/test" name="TestParseNodePoolLabel/empty_key" time="0.000000"></testcase>
		<testcase classname="github.com/kubernetes-sigs/ai-conformance/test" name="TestParseNodePoolLabel/empty_value" time="0.000000"></testcase>
		<testcase classname="github.com/kubernetes-sigs/ai-conformance/test" name="TestParseNodePoolLabel/invalid_key" time="0.000000"></testcase>
		<testcase classname="github.com/kubernetes-sigs/ai-conformance/test" name="TestParseNodePoolLabel/invalid_value" time="0.000000"></testcase>
		<testcase classname="github.com/kubernetes-sigs/ai-conformance/test" name="TestParseNodePoolLabel" time="0.000000"></testcase>
		<testcase classname="github.com/kubernetes-sigs/ai-conformance/test" name="TestValidateAutoscalerDurations/zero_pending_timeout" time="0.000000"></testcase>
		<testcase classname="github.com/kubernetes-sigs/ai-conformance/test" name="TestValidateAutoscalerDurations/zero_scale-up_timeout" time="0.000000"></testcase>
		<testcase classname="github.com/kubernetes-sigs/ai-conformance/test" name="TestValidateAutoscalerDurations/zero_scale-down_timeout" time="0.000000"></testcase>
		<testcase classname="github.com/kubernetes-sigs/ai-conformance/test" name="TestValidateAutoscalerDurations/negative_stability_window" time="0.000000"></testcase>
		<testcase classname="github.com/kubernetes-sigs/ai-conformance/test" name="TestValidateAutoscalerDurations/stability_window_equals_scale-down_timeout" time="0.000000"></testcase>
		<testcase classname="github.com/kubernetes-sigs/ai-conformance/test" name="TestValidateAutoscalerDurations" time="0.000000"></testcase>
		<testcase classname="github.com/kubernetes-sigs/ai-conformance/test" name="TestAutoscalerPodDeadlineSeconds" time="0.000000"></testcase>
		<testcase classname="github.com/kubernetes-sigs/ai-conformance/test" name="TestBuildAutoscalingPod/device_plugin" time="0.000000"></testcase>
		<testcase classname="github.com/kubernetes-sigs/ai-conformance/test" name="TestBuildAutoscalingPod/DRA" time="0.000000"></testcase>
		<testcase classname="github.com/kubernetes-sigs/ai-conformance/test" name="TestBuildAutoscalingPod/trigger_omits_anti-affinity" time="0.000000"></testcase>
		<testcase classname="github.com/kubernetes-sigs/ai-conformance/test" name="TestBuildAutoscalingPod" time="0.000000"></testcase>
		<testcase classname="github.com/kubernetes-sigs/ai-conformance/test" name="TestReadyPoolNodes" time="0.000000"></testcase>
		<testcase classname="github.com/kubernetes-sigs/ai-conformance/test" name="TestPodUnschedulable/no_conditions" time="0.000000"></testcase>
		<testcase classname="github.com/kubernetes-sigs/ai-conformance/test" name="TestPodUnschedulable/unschedulable" time="0.000000"></testcase>
		<testcase classname="github.com/kubernetes-sigs/ai-conformance/test" name="TestPodUnschedulable/scheduled" time="0.000000"></testcase>
		<testcase classname="github.com/kubernetes-sigs/ai-conformance/test" name="TestPodUnschedulable/different_reason" time="0.000000"></testcase>
		<testcase classname="github.com/kubernetes-sigs/ai-conformance/test" name="TestPodUnschedulable" time="0.000000"></testcase>
		<testcase classname="github.com/kubernetes-sigs/ai-conformance/test" name="TestVerifyBaselinePlacement/covers_every_baseline_node" time="0.000000"></testcase>
		<testcase classname="github.com/kubernetes-sigs/ai-conformance/test" name="TestVerifyBaselinePlacement/rejects_duplicate_placement" time="0.000000"></testcase>
		<testcase classname="github.com/kubernetes-sigs/ai-conformance/test" name="TestVerifyBaselinePlacement" time="0.000000"></testcase>
		<testcase classname="github.com/kubernetes-sigs/ai-conformance/test" name="TestSameNodeIdentitySet" time="0.000000"></testcase>
		<testcase classname="github.com/kubernetes-sigs/ai-conformance/test" name="TestVerifyPoolIsIdle/filters_terminal_Pods_at_the_API_server" time="0.000000"></testcase>
		<testcase classname="github.com/kubernetes-sigs/ai-conformance/test" name="TestVerifyPoolIsIdle/ignores_test_and_DaemonSet_Pods" time="0.000000"></testcase>
		<testcase classname="github.com/kubernetes-sigs/ai-conformance/test" name="TestVerifyPoolIsIdle/rejects_a_foreign_scheduled_Pod" time="0.000000"></testcase>
		<testcase classname="github.com/kubernetes-sigs/ai-conformance/test" name="TestVerifyPoolIsIdle/rejects_foreign_pending_accelerator_demand" time="0.000000"></testcase>
		<testcase classname="github.com/kubernetes-sigs/ai-conformance/test" name="TestVerifyPoolIsIdle/rejects_other_pending_target-pool_demand" time="0.000000"></testcase>
		<testcase classname="github.com/kubernetes-sigs/ai-conformance/test" name="TestVerifyPoolIsIdle/rejects_foreign_DRA_claims_outside_the_pool" time="0.000000"></testcase>
		<testcase classname="github.com/kubernetes-sigs/ai-conformance/test" name="TestVerifyPoolIsIdle/rejects_allocated_ResourceClaims_outside_the_test_namespace" time="0.000000"></testcase>
		<testcase classname="github.com/kubernetes-sigs/ai-conformance/test" name="TestVerifyPoolIsIdle" time="0.000000"></testcase>
		<testcase classname="github.com/kubernetes-sigs/ai-conformance/test" name="TestWaitForScaleDown/accepts_a_retained_NotReady_Node_object" time="0.000000"></testcase>
		<testcase classname="github.com/kubernetes-sigs/ai-conformance/test" name="TestWaitForScaleDown/rejects_a_Ready_scaled_Node_even_when_cordoned" time="0.050000"></testcase>
		<testcase classname="github.com/kubernetes-sigs/ai-conformance/test" name="TestWaitForScaleDown/rejects_baseline_replacement" time="0.050000"></testcase>
		<testcase classname="github.com/kubernetes-sigs/ai-conformance/test" name="TestWaitForScaleDown/rejects_a_cordoned_baseline_node" time="0.050000"></testcase>
		<testcase classname="github.com/kubernetes-sigs/ai-conformance/test" name="TestWaitForScaleDown/rejects_an_additional_Ready_overshoot_node" time="0.050000"></testcase>
		<testcase classname="github.com/kubernetes-sigs/ai-conformance/test" name="TestWaitForScaleDown" time="0.200000"></testcase>
		<testcase classname="github.com/kubernetes-sigs/ai-conformance/test" name="TestVerifyAutoscalerPoolCapacityRejectsDRABackedExtendedResource" time="0.000000"></testcase>
		<testcase classname="github.com/kubernetes-sigs/ai-conformance/test" name="TestCreateBaselinePDB" time="0.000000"></testcase>
		<testcase classname="github.com/kubernetes-sigs/ai-conformance/test" name="TestAcceleratorProbeCommand/counts_matching_device_nodes" time="0.000000"></testcase>
		<testcase classname="github.com/kubernetes-sigs/ai-conformance/test" name="TestAcceleratorProbeCommand/no_matching_device_nodes" time="0.000000"></testcase>
		<testcase classname="github.com/kubernetes-sigs/ai-conformance/test" name="TestAcceleratorProbeCommand" time="0.000000"></testcase>
		<testcase classname="github.com/kubernetes-sigs/ai-conformance/test" name="TestLogsContainExactLine/exact_count" time="0.000000"></testcase>
		<testcase classname="github.com/kubernetes-sigs/ai-conformance/test" name="TestLogsContainExactLine/surrounding_whitespace" time="0.000000"></testcase>
		<testcase classname="github.com/kubernetes-sigs/ai-conformance/test" name="TestLogsContainExactLine/over-allocation_is_not_a_substring_match" time="0.000000"></testcase>
		<testcase classname="github.com/kubernetes-sigs/ai-conformance/test" name="TestLogsContainExactLine/different_count" time="0.000000"></testcase>
		<testcase classname="github.com/kubernetes-sigs/ai-conformance/test" name="TestLogsContainExactLine/missing_result" time="0.000000"></testcase>
		<testcase classname="github.com/kubernetes-sigs/ai-conformance/test" name="TestLogsContainExactLine" time="0.000000"></testcase>
		<testcase classname="github.com/kubernetes-sigs/ai-conformance/test" name="TestGangScheduling/PositiveGangScheduling" time="15.260000"></testcase>
		<testcase classname="github.com/kubernetes-sigs/ai-conformance/test" name="TestGangScheduling/NegativeGangScheduling" time="30.480000"></testcase>
		<testcase classname="github.com/kubernetes-sigs/ai-conformance/test" name="TestGangScheduling" time="45.730000"></testcase>
	</testsuite>
</testsuites>